Facts About Zirconium
Raw gemstone zircon, the major source of zirconium.
Credit: vvoe | Shutterstock
Zirconium is a silver-gray transition metal, 
a type of element that is malleable and ductile and easily forms stable compounds. 
It is also highly resistant to corrosion. 
Zirconium and its alloys have been used for centuries in a wide variety of ways. 
It is commonly used in corrosive environments. 
Zirconium alloys can be found in pipes, fittings and heat exchangers, according to Chemicool. 
Zirconium is also used in steel alloys, colored glazes, bricks, ceramics, abrasives, flashbulbs, 
lamp filaments, artificial gemstones and some deodorants, according to Minerals Education Coalition.


The number of lines = 11
A count = 47
B count = 9
C count = 32
D count = 19
E count = 51
F count = 11
G count = 9
H count = 10
I count = 56
J count = 1
K count = 2
L count = 30
M count = 23
N count = 41
O count = 51
P count = 5
Q count = 0
R count = 35
S count = 49
T count = 38
U count = 18
V count = 8
W count = 3
X count = 1
Y count = 10
Z count = 8
